D:\PROJEKTY\HACK_LAN\SNIFFER\SNIFFER\DEBUG\SNIFFER.EXE
D:\projekty\Hack_Lan\Sniffer\Sniffer\Debug\Sniffer.exp
D:\PROJEKTY\HACK_LAN\SNIFFER\SNIFFER\DEBUG\SNIFFER.ILK
D:\projekty\Hack_Lan\Sniffer\Sniffer\Debug\Sniffer.lib
D:\PROJEKTY\HACK_LAN\SNIFFER\SNIFFER\DEBUG\SNIFFER.PDB
D:\projekty\Hack_Lan\Sniffer\Sniffer\Sniffer\Debug\cl.command.1.tlog
D:\projekty\Hack_Lan\Sniffer\Sniffer\Sniffer\Debug\CL.read.1.tlog
D:\projekty\Hack_Lan\Sniffer\Sniffer\Sniffer\Debug\CL.write.1.tlog
D:\projekty\Hack_Lan\Sniffer\Sniffer\Sniffer\Debug\link.13104.read.1.tlog
D:\projekty\Hack_Lan\Sniffer\Sniffer\Sniffer\Debug\link.13104.write.1.tlog
D:\projekty\Hack_Lan\Sniffer\Sniffer\Sniffer\Debug\link.13104-cvtres.read.1.tlog
D:\projekty\Hack_Lan\Sniffer\Sniffer\Sniffer\Debug\link.13104-cvtres.write.1.tlog
D:\projekty\Hack_Lan\Sniffer\Sniffer\Sniffer\Debug\link.command.1.tlog
D:\projekty\Hack_Lan\Sniffer\Sniffer\Sniffer\Debug\link.read.1.tlog
D:\projekty\Hack_Lan\Sniffer\Sniffer\Sniffer\Debug\link.write.1.tlog
D:\projekty\Hack_Lan\Sniffer\Sniffer\Sniffer\Debug\link-cvtres.read.1.tlog
D:\projekty\Hack_Lan\Sniffer\Sniffer\Sniffer\Debug\link-cvtres.write.1.tlog
D:\projekty\Hack_Lan\Sniffer\Sniffer\Sniffer\Debug\mt.command.1.tlog
D:\projekty\Hack_Lan\Sniffer\Sniffer\Sniffer\Debug\mt.read.1.tlog
D:\projekty\Hack_Lan\Sniffer\Sniffer\Sniffer\Debug\mt.write.1.tlog
D:\projekty\Hack_Lan\Sniffer\Sniffer\Sniffer\Debug\rc.command.1.tlog
D:\projekty\Hack_Lan\Sniffer\Sniffer\Sniffer\Debug\rc.read.1.tlog
D:\projekty\Hack_Lan\Sniffer\Sniffer\Sniffer\Debug\rc.write.1.tlog
D:\PROJEKTY\HACK_LAN\SNIFFER\SNIFFER\SNIFFER\DEBUG\SNIFFER.EXE.EMBED.MANIFEST
D:\PROJEKTY\HACK_LAN\SNIFFER\SNIFFER\SNIFFER\DEBUG\SNIFFER.EXE.EMBED.MANIFEST.RES
D:\PROJEKTY\HACK_LAN\SNIFFER\SNIFFER\SNIFFER\DEBUG\SNIFFER.EXE.INTERMEDIATE.MANIFEST
D:\PROJEKTY\HACK_LAN\SNIFFER\SNIFFER\SNIFFER\DEBUG\SNIFFER.OBJ
D:\projekty\Hack_Lan\Sniffer\Sniffer\Sniffer\Debug\Sniffer.write.1.tlog
D:\projekty\Hack_Lan\Sniffer\Sniffer\Sniffer\Debug\Sniffer_manifest.rc
D:\projekty\Hack_Lan\Sniffer\Sniffer\Sniffer\Debug\vc100.idb
D:\PROJEKTY\HACK_LAN\SNIFFER\SNIFFER\SNIFFER\DEBUG\VC100.PDB
